LightmapMaker 1.0.2
  - Route to map: E:\Egor\projects\C++\GameEngine\lifeEngine\testBed\exe\maps\shadows.lmap
  - Size Lightmap: 32

- Loading Level
 - Add Point Light
   Intensivity: 1
   Radius: 45
   Color: 255, 127, 39, 255
   Position: -232, 96, -56
	****

 - Add Point Light
   Intensivity: 1
   Radius: 45
   Color: 255, 127, 39, 255
   Position: -240, 96, -112
	****

 - Add Point Light
   Intensivity: 1
   Radius: 100
   Color: 255, 127, 39, 255
   Position: -172, 60, -152
	****

 - Add Point Light
   Intensivity: 1
   Radius: 100
   Color: 255, 255, 255, 255
   Position: -156, 60, -80
	****

 - Add Point Light
   Intensivity: 1
   Radius: 45
   Color: 255, 127, 39, 255
   Position: -196, 56, -8
	****

 - Total Planes: 234
 - Total Point Lights: 5
- Level Loaded

- Generate Lightmaps
Calculate Lightmaps: 1/234
Calculate Lightmaps: 2/234
Calculate Lightmaps: 3/234
Calculate Lightmaps: 4/234
Calculate Lightmaps: 5/234
Calculate Lightmaps: 6/234
Calculate Lightmaps: 7/234
Calculate Lightmaps: 8/234
Calculate Lightmaps: 9/234
Calculate Lightmaps: 10/234
Calculate Lightmaps: 11/234
Calculate Lightmaps: 12/234
Calculate Lightmaps: 13/234
Calculate Lightmaps: 14/234
Calculate Lightmaps: 15/234
Calculate Lightmaps: 16/234
Calculate Lightmaps: 17/234
Calculate Lightmaps: 18/234
Calculate Lightmaps: 19/234
Calculate Lightmaps: 20/234
Calculate Lightmaps: 21/234
Calculate Lightmaps: 22/234
Calculate Lightmaps: 23/234
Calculate Lightmaps: 24/234
Calculate Lightmaps: 25/234
Calculate Lightmaps: 26/234
Calculate Lightmaps: 27/234
Calculate Lightmaps: 28/234
Calculate Lightmaps: 29/234
Calculate Lightmaps: 30/234
Calculate Lightmaps: 31/234
Calculate Lightmaps: 32/234
Calculate Lightmaps: 33/234
Calculate Lightmaps: 34/234
Calculate Lightmaps: 35/234
Calculate Lightmaps: 36/234
Calculate Lightmaps: 37/234
Calculate Lightmaps: 38/234
Calculate Lightmaps: 39/234
Calculate Lightmaps: 40/234
Calculate Lightmaps: 41/234
Calculate Lightmaps: 42/234
Calculate Lightmaps: 43/234
Calculate Lightmaps: 44/234
Calculate Lightmaps: 45/234
Calculate Lightmaps: 46/234
Calculate Lightmaps: 47/234
Calculate Lightmaps: 48/234
Calculate Lightmaps: 49/234
Calculate Lightmaps: 50/234
Calculate Lightmaps: 51/234
Calculate Lightmaps: 52/234
Calculate Lightmaps: 53/234
Calculate Lightmaps: 54/234
Calculate Lightmaps: 55/234
Calculate Lightmaps: 56/234
Calculate Lightmaps: 57/234
Calculate Lightmaps: 58/234
Calculate Lightmaps: 59/234
Calculate Lightmaps: 60/234
Calculate Lightmaps: 61/234
Calculate Lightmaps: 62/234
Calculate Lightmaps: 63/234
Calculate Lightmaps: 64/234
Calculate Lightmaps: 65/234
Calculate Lightmaps: 66/234
Calculate Lightmaps: 67/234
Calculate Lightmaps: 68/234
Calculate Lightmaps: 69/234
Calculate Lightmaps: 70/234
Calculate Lightmaps: 71/234
Calculate Lightmaps: 72/234
Calculate Lightmaps: 73/234
Calculate Lightmaps: 74/234
Calculate Lightmaps: 75/234
Calculate Lightmaps: 76/234
Calculate Lightmaps: 77/234
Calculate Lightmaps: 78/234
Calculate Lightmaps: 79/234
Calculate Lightmaps: 80/234
Calculate Lightmaps: 81/234
Calculate Lightmaps: 82/234
Calculate Lightmaps: 83/234
Calculate Lightmaps: 84/234
Calculate Lightmaps: 85/234
Calculate Lightmaps: 86/234
Calculate Lightmaps: 87/234
Calculate Lightmaps: 88/234
Calculate Lightmaps: 89/234
Calculate Lightmaps: 90/234
Calculate Lightmaps: 91/234
Calculate Lightmaps: 92/234
Calculate Lightmaps: 93/234
Calculate Lightmaps: 94/234
Calculate Lightmaps: 95/234
Calculate Lightmaps: 96/234
Calculate Lightmaps: 97/234
Calculate Lightmaps: 98/234
Calculate Lightmaps: 99/234
Calculate Lightmaps: 100/234
Calculate Lightmaps: 101/234
Calculate Lightmaps: 102/234
Calculate Lightmaps: 103/234
Calculate Lightmaps: 104/234
Calculate Lightmaps: 105/234
Calculate Lightmaps: 106/234
Calculate Lightmaps: 107/234
Calculate Lightmaps: 108/234
Calculate Lightmaps: 109/234
Calculate Lightmaps: 110/234
Calculate Lightmaps: 111/234
Calculate Lightmaps: 112/234
Calculate Lightmaps: 113/234
Calculate Lightmaps: 114/234
Calculate Lightmaps: 115/234
Calculate Lightmaps: 116/234
Calculate Lightmaps: 117/234
Calculate Lightmaps: 118/234
Calculate Lightmaps: 119/234
Calculate Lightmaps: 120/234
Calculate Lightmaps: 121/234
Calculate Lightmaps: 122/234
Calculate Lightmaps: 123/234
Calculate Lightmaps: 124/234
Calculate Lightmaps: 125/234
Calculate Lightmaps: 126/234
Calculate Lightmaps: 127/234
Calculate Lightmaps: 128/234
Calculate Lightmaps: 129/234
Calculate Lightmaps: 130/234
Calculate Lightmaps: 131/234
Calculate Lightmaps: 132/234
Calculate Lightmaps: 133/234
Calculate Lightmaps: 134/234
Calculate Lightmaps: 135/234
Calculate Lightmaps: 136/234
Calculate Lightmaps: 137/234
Calculate Lightmaps: 138/234
Calculate Lightmaps: 139/234
Calculate Lightmaps: 140/234
Calculate Lightmaps: 141/234
Calculate Lightmaps: 142/234
Calculate Lightmaps: 143/234
Calculate Lightmaps: 144/234
Calculate Lightmaps: 145/234
Calculate Lightmaps: 146/234
Calculate Lightmaps: 147/234
Calculate Lightmaps: 148/234
Calculate Lightmaps: 149/234
Calculate Lightmaps: 150/234
Calculate Lightmaps: 151/234
Calculate Lightmaps: 152/234
Calculate Lightmaps: 153/234
Calculate Lightmaps: 154/234
Calculate Lightmaps: 155/234
Calculate Lightmaps: 156/234
Calculate Lightmaps: 157/234
Calculate Lightmaps: 158/234
Calculate Lightmaps: 159/234
Calculate Lightmaps: 160/234
Calculate Lightmaps: 161/234
Calculate Lightmaps: 162/234
Calculate Lightmaps: 163/234
Calculate Lightmaps: 164/234
Calculate Lightmaps: 165/234
Calculate Lightmaps: 166/234
Calculate Lightmaps: 167/234
Calculate Lightmaps: 168/234
Calculate Lightmaps: 169/234
Calculate Lightmaps: 170/234
Calculate Lightmaps: 171/234
Calculate Lightmaps: 172/234
Calculate Lightmaps: 173/234
Calculate Lightmaps: 174/234
Calculate Lightmaps: 175/234
Calculate Lightmaps: 176/234
Calculate Lightmaps: 177/234
Calculate Lightmaps: 178/234
Calculate Lightmaps: 179/234
Calculate Lightmaps: 180/234
Calculate Lightmaps: 181/234
Calculate Lightmaps: 182/234
Calculate Lightmaps: 183/234
Calculate Lightmaps: 184/234
Calculate Lightmaps: 185/234
Calculate Lightmaps: 186/234
Calculate Lightmaps: 187/234
Calculate Lightmaps: 188/234
Calculate Lightmaps: 189/234
Calculate Lightmaps: 190/234
Calculate Lightmaps: 191/234
Calculate Lightmaps: 192/234
Calculate Lightmaps: 193/234
Calculate Lightmaps: 194/234
Calculate Lightmaps: 195/234
Calculate Lightmaps: 196/234
Calculate Lightmaps: 197/234
Calculate Lightmaps: 198/234
Calculate Lightmaps: 199/234
Calculate Lightmaps: 200/234
Calculate Lightmaps: 201/234
Calculate Lightmaps: 202/234
Calculate Lightmaps: 203/234
Calculate Lightmaps: 204/234
Calculate Lightmaps: 205/234
Calculate Lightmaps: 206/234
Calculate Lightmaps: 207/234
Calculate Lightmaps: 208/234
Calculate Lightmaps: 209/234
Calculate Lightmaps: 210/234
Calculate Lightmaps: 211/234
Calculate Lightmaps: 212/234
Calculate Lightmaps: 213/234
Calculate Lightmaps: 214/234
Calculate Lightmaps: 215/234
Calculate Lightmaps: 216/234
Calculate Lightmaps: 217/234
Calculate Lightmaps: 218/234
Calculate Lightmaps: 219/234
Calculate Lightmaps: 220/234
Calculate Lightmaps: 221/234
Calculate Lightmaps: 222/234
Calculate Lightmaps: 223/234
Calculate Lightmaps: 224/234
Calculate Lightmaps: 225/234
Calculate Lightmaps: 226/234
Calculate Lightmaps: 227/234
Calculate Lightmaps: 228/234
Calculate Lightmaps: 229/234
Calculate Lightmaps: 230/234
Calculate Lightmaps: 231/234
Calculate Lightmaps: 232/234
Calculate Lightmaps: 233/234
Calculate Lightmaps: 234/234
- Lightmaps Generated
